<?xml version="1.0" encoding="UTF-8"?>
<!-- Generated by org.testng.reporters.JUnitReportReporter -->
<testsuite hostname="SenPri" failures="0" tests="2" name="com.testcase.FlightspageTest" time="4.751" errors="0" timestamp="2023-05-21T10:49:54 EDT" skipped="0">
  <testcase classname="com.testcase.FlightspageTest" name="flightdetailstest" time="2.364"/>
  <system-out/>
  <testcase classname="com.testcase.FlightspageTest" name="flightdetailstest" time="2.387"/>
  <system-out/>
</testsuite> <!-- com.testcase.FlightspageTest -->
